<?xml version="1.0" encoding="UTF-8"?>
<!-- Generated by org.testng.reporters.JUnitXMLReporter -->
<testsuite hostname="umesh" ignored="0" name="Test" tests="4" failures="0" timestamp="2020-07-30T22:23:49 IST" time="80.807" errors="0">
  <testcase name="basePageNavigation" time="16.513" classname="MyFirstProject.HomePage"/>
  <testcase name="basePageNavigation" time="4.138" classname="MyFirstProject.HomePage"/>
  <testcase name="courseNameTest" time="0.102" classname="MyFirstProject.ValidateTitle"/>
  <testcase name="cantactbtnTest" time="0.237" classname="MyFirstProject.ValidateNavigation"/>
</testsuite> <!-- Test -->
