<?xml version="1.0" encoding="UTF-8"?>
<!-- Generated by org.testng.reporters.JUnitXMLReporter -->
<testsuite hostname="umesh" ignored="0" name="Test" tests="4" failures="0" timestamp="2020-07-31T23:16:38 IST" time="116.778" errors="0">
  <testcase name="basePageNavigation" time="36.958" classname="MyFirstProject.HomePage"/>
  <testcase name="basePageNavigation" time="9.388" classname="MyFirstProject.HomePage"/>
  <testcase name="courseNameTest" time="0.093" classname="MyFirstProject.ValidateTitle"/>
  <testcase name="cantactbtnTest" time="0.218" classname="MyFirstProject.ValidateNavigation"/>
</testsuite> <!-- Test -->
