<?xml version="1.0" encoding="UTF-8"?>
<!-- Generated by org.testng.reporters.JUnitXMLReporter -->
<testsuite hostname="umesh" ignored="0" name="Validating Title" tests="1" failures="1" timestamp="2020-08-06T18:15:04 IST" time="22.607" errors="0">
  <testcase name="courseNameTest" time="12.194" classname="MyFirstProject.ValidateTitle">
    <failure type="java.lang.AssertionError" message="expected [FEATURED aCOURSES] but found [FEATURED COURSES]">
      <![CDATA[java.lang.AssertionError: expected [FEATURED aCOURSES] but found [FEATURED COURSES]
at MyFirstProject.ValidateTitle.courseNameTest(ValidateTitle.java:43)
at java.util.ArrayList.forEach(ArrayList.java:1257)
... Removed 36 stack frames]]>
    </failure>
  </testcase> <!-- courseNameTest -->
</testsuite> <!-- Validating Title -->
