-------------------------------------------------------------------------------
Test set: TestSuite
-------------------------------------------------------------------------------
Tests run: 4, Failures: 1, Errors: 0, Skipped: 0, Time elapsed: 95.097 s <<< FAILURE! - in TestSuite
MyFirstProject.ValidateTitle.courseNameTest  Time elapsed: 12.127 s  <<< FAILURE!
java.lang.AssertionError: expected [FEATURED aCOURSES] but found [FEATURED COURSES]
	at MyFirstProject.ValidateTitle.courseNameTest(ValidateTitle.java:43)

