<?xml version="1.0" encoding="UTF-8"?>
<testng-results skipped="0" failed="1" ignored="0" total="4" passed="3">
  <reporter-output>
  </reporter-output>
  <suite name="Suite" duration-ms="153294" started-at="2020-08-06T18:57:45 IST" finished-at="2020-08-06T19:00:18 IST">
    <groups>
    </groups>
    <test name="Validating userLogin" duration-ms="108176" started-at="2020-08-06T18:57:45 IST" finished-at="2020-08-06T18:59:33 IST">
      <class name="MyFirstProject.HomePage">
        <test-method status="PASS" signature="initilization()[pri:0, instance:MyFirstProject.HomePage@1e1a0406]" name="initilization" is-config="true" duration-ms="24946" started-at="2020-08-06T18:57:45 IST" finished-at="2020-08-06T18:58:10 IST">
          <reporter-output>
          </reporter-output>
        </test-method> <!-- initilization -->
        <test-method status="PASS" signature="basePageNavigation(java.lang.String, java.lang.String)[pri:0, instance:MyFirstProject.HomePage@1e1a0406]" name="basePageNavigation" duration-ms="28632" started-at="2020-08-06T18:58:10 IST" data-provider="getData" finished-at="2020-08-06T18:58:39 IST">
          <params>
            <param index="0">
              <value>
                <![CDATA[abd@gmail.com]]>
              </value>
            </param>
            <param index="1">
              <value>
                <![CDATA[123466]]>
              </value>
            </param>
          </params>
          <reporter-output>
          </reporter-output>
        </test-method> <!-- basePageNavigation -->
        <test-method status="PASS" signature="basePageNavigation(java.lang.String, java.lang.String)[pri:0, instance:MyFirstProject.HomePage@1e1a0406]" name="basePageNavigation" duration-ms="29570" started-at="2020-08-06T18:58:39 IST" data-provider="getData" finished-at="2020-08-06T18:59:08 IST">
          <params>
            <param index="0">
              <value>
                <![CDATA[sjdjssjs@gmail.com]]>
              </value>
            </param>
            <param index="1">
              <value>
                <![CDATA[12djsfsj3466]]>
              </value>
            </param>
          </params>
          <reporter-output>
          </reporter-output>
        </test-method> <!-- basePageNavigation -->
        <test-method status="PASS" signature="tearDown()[pri:0, instance:MyFirstProject.HomePage@1e1a0406]" name="tearDown" is-config="true" duration-ms="24950" started-at="2020-08-06T18:59:08 IST" finished-at="2020-08-06T18:59:33 IST">
          <reporter-output>
          </reporter-output>
        </test-method> <!-- tearDown -->
      </class> <!-- MyFirstProject.HomePage -->
    </test> <!-- Validating userLogin -->
    <test name="Validating Title" duration-ms="20345" started-at="2020-08-06T18:59:34 IST" finished-at="2020-08-06T18:59:55 IST">
      <class name="MyFirstProject.ValidateTitle">
        <test-method status="PASS" signature="initilization()[pri:0, instance:MyFirstProject.ValidateTitle@273e7444]" name="initilization" is-config="true" duration-ms="8106" started-at="2020-08-06T18:59:34 IST" finished-at="2020-08-06T18:59:43 IST">
          <reporter-output>
          </reporter-output>
        </test-method> <!-- initilization -->
        <test-method status="FAIL" signature="courseNameTest()[pri:0, instance:MyFirstProject.ValidateTitle@273e7444]" name="courseNameTest" duration-ms="10817" started-at="2020-08-06T18:59:43 IST" finished-at="2020-08-06T18:59:53 IST">
          <exception class="java.lang.AssertionError">
            <message>
              <![CDATA[expected [FEATURED aCOURSES] but found [FEATURED COURSES]]]>
            </message>
            <full-stacktrace>
              <![CDATA[java.lang.AssertionError: expected [FEATURED aCOURSES] but found [FEATURED COURSES]
at org.testng.Assert.fail(Assert.java:97)
at org.testng.Assert.assertEqualsImpl(Assert.java:136)
at org.testng.Assert.assertEquals(Assert.java:118)
at org.testng.Assert.assertEquals(Assert.java:575)
at org.testng.Assert.assertEquals(Assert.java:585)
at MyFirstProject.ValidateTitle.courseNameTest(ValidateTitle.java:43)
at sun.reflect.NativeMethodAccessorImpl.invoke0(Native Method)
at sun.reflect.NativeMethodAccessorImpl.invoke(NativeMethodAccessorImpl.java:62)
at sun.reflect.DelegatingMethodAccessorImpl.invoke(DelegatingMethodAccessorImpl.java:43)
at java.lang.reflect.Method.invoke(Method.java:498)
at org.testng.internal.MethodInvocationHelper.invokeMethod(MethodInvocationHelper.java:135)
at org.testng.internal.TestInvoker.invokeMethod(TestInvoker.java:598)
at org.testng.internal.TestInvoker.invokeTestMethod(TestInvoker.java:174)
at org.testng.internal.MethodRunner.runInSequence(MethodRunner.java:46)
at org.testng.internal.TestInvoker$MethodInvocationAgent.invoke(TestInvoker.java:821)
at org.testng.internal.TestInvoker.invokeTestMethods(TestInvoker.java:147)
at org.testng.internal.TestMethodWorker.invokeTestMethods(TestMethodWorker.java:146)
at org.testng.internal.TestMethodWorker.run(TestMethodWorker.java:128)
at java.util.ArrayList.forEach(ArrayList.java:1257)
at org.testng.TestRunner.privateRun(TestRunner.java:767)
at org.testng.TestRunner.run(TestRunner.java:588)
at org.testng.SuiteRunner.runTest(SuiteRunner.java:384)
at org.testng.SuiteRunner.runSequentially(SuiteRunner.java:378)
at org.testng.SuiteRunner.privateRun(SuiteRunner.java:337)
at org.testng.SuiteRunner.run(SuiteRunner.java:286)
at org.testng.SuiteRunnerWorker.runSuite(SuiteRunnerWorker.java:53)
at org.testng.SuiteRunnerWorker.run(SuiteRunnerWorker.java:96)
at org.testng.TestNG.runSuitesSequentially(TestNG.java:1214)
at org.testng.TestNG.runSuitesLocally(TestNG.java:1136)
at org.testng.TestNG.runSuites(TestNG.java:1066)
at org.testng.TestNG.run(TestNG.java:1034)
at org.testng.remote.AbstractRemoteTestNG.run(AbstractRemoteTestNG.java:115)
at org.testng.remote.RemoteTestNG.initAndRun(RemoteTestNG.java:251)
at org.testng.remote.RemoteTestNG.main(RemoteTestNG.java:77)
]]>
            </full-stacktrace>
          </exception> <!-- java.lang.AssertionError -->
          <reporter-output>
          </reporter-output>
        </test-method> <!-- courseNameTest -->
        <test-method status="PASS" signature="tearDown()[pri:0, instance:MyFirstProject.ValidateTitle@273e7444]" name="tearDown" is-config="true" duration-ms="497" started-at="2020-08-06T18:59:54 IST" finished-at="2020-08-06T18:59:55 IST">
          <reporter-output>
          </reporter-output>
        </test-method> <!-- tearDown -->
      </class> <!-- MyFirstProject.ValidateTitle -->
    </test> <!-- Validating Title -->
    <test name="Validating Navigation" duration-ms="23408" started-at="2020-08-06T18:59:55 IST" finished-at="2020-08-06T19:00:18 IST">
      <class name="MyFirstProject.ValidateNavigation">
        <test-method status="PASS" signature="initilization()[pri:0, instance:MyFirstProject.ValidateNavigation@3f6f6701]" name="initilization" is-config="true" duration-ms="21355" started-at="2020-08-06T18:59:55 IST" finished-at="2020-08-06T19:00:16 IST">
          <reporter-output>
          </reporter-output>
        </test-method> <!-- initilization -->
        <test-method status="PASS" signature="cantactbtnTest()[pri:0, instance:MyFirstProject.ValidateNavigation@3f6f6701]" name="cantactbtnTest" duration-ms="265" started-at="2020-08-06T19:00:16 IST" finished-at="2020-08-06T19:00:17 IST">
          <reporter-output>
          </reporter-output>
        </test-method> <!-- cantactbtnTest -->
        <test-method status="PASS" signature="tearDown()[pri:0, instance:MyFirstProject.ValidateNavigation@3f6f6701]" name="tearDown" is-config="true" duration-ms="1785" started-at="2020-08-06T19:00:17 IST" finished-at="2020-08-06T19:00:18 IST">
          <reporter-output>
          </reporter-output>
        </test-method> <!-- tearDown -->
      </class> <!-- MyFirstProject.ValidateNavigation -->
    </test> <!-- Validating Navigation -->
  </suite> <!-- Suite -->
</testng-results>
