<?xml version="1.0" encoding="UTF-8"?>
<testng-results skipped="0" failed="0" ignored="0" total="4" passed="4">
  <reporter-output>
  </reporter-output>
  <suite name="Suite" duration-ms="61436" started-at="2020-08-06T10:23:24 IST" finished-at="2020-08-06T10:24:25 IST">
    <groups>
    </groups>
    <test name="Validating userLogin" duration-ms="25608" started-at="2020-08-06T10:23:24 IST" finished-at="2020-08-06T10:23:50 IST">
      <class name="MyFirstProject.HomePage">
        <test-method status="PASS" signature="initilization()[pri:0, instance:MyFirstProject.HomePage@1e1a0406]" name="initilization" is-config="true" duration-ms="8356" started-at="2020-08-06T10:23:24 IST" finished-at="2020-08-06T10:23:32 IST">
          <reporter-output>
          </reporter-output>
        </test-method> <!-- initilization -->
        <test-method status="PASS" signature="basePageNavigation(java.lang.String, java.lang.String)[pri:0, instance:MyFirstProject.HomePage@1e1a0406]" name="basePageNavigation" duration-ms="13134" started-at="2020-08-06T10:23:32 IST" data-provider="getData" finished-at="2020-08-06T10:23:46 IST">
          <params>
            <param index="0">
              <value>
                <![CDATA[abd@gmail.com]]>
              </value>
            </param>
            <param index="1">
              <value>
                <![CDATA[123466]]>
              </value>
            </param>
          </params>
          <reporter-output>
          </reporter-output>
        </test-method> <!-- basePageNavigation -->
        <test-method status="PASS" signature="basePageNavigation(java.lang.String, java.lang.String)[pri:0, instance:MyFirstProject.HomePage@1e1a0406]" name="basePageNavigation" duration-ms="3810" started-at="2020-08-06T10:23:46 IST" data-provider="getData" finished-at="2020-08-06T10:23:49 IST">
          <params>
            <param index="0">
              <value>
                <![CDATA[sjdjssjs@gmail.com]]>
              </value>
            </param>
            <param index="1">
              <value>
                <![CDATA[12djsfsj3466]]>
              </value>
            </param>
          </params>
          <reporter-output>
          </reporter-output>
        </test-method> <!-- basePageNavigation -->
        <test-method status="PASS" signature="tearDown()[pri:0, instance:MyFirstProject.HomePage@1e1a0406]" name="tearDown" is-config="true" duration-ms="244" started-at="2020-08-06T10:23:49 IST" finished-at="2020-08-06T10:23:50 IST">
          <reporter-output>
          </reporter-output>
        </test-method> <!-- tearDown -->
      </class> <!-- MyFirstProject.HomePage -->
    </test> <!-- Validating userLogin -->
    <test name="Validating Title" duration-ms="16148" started-at="2020-08-06T10:23:50 IST" finished-at="2020-08-06T10:24:06 IST">
      <class name="MyFirstProject.ValidateTitle">
        <test-method status="PASS" signature="initilization()[pri:0, instance:MyFirstProject.ValidateTitle@273e7444]" name="initilization" is-config="true" duration-ms="5635" started-at="2020-08-06T10:23:50 IST" finished-at="2020-08-06T10:23:56 IST">
          <reporter-output>
          </reporter-output>
        </test-method> <!-- initilization -->
        <test-method status="PASS" signature="courseNameTest()[pri:0, instance:MyFirstProject.ValidateTitle@273e7444]" name="courseNameTest" duration-ms="10368" started-at="2020-08-06T10:23:56 IST" finished-at="2020-08-06T10:24:06 IST">
          <reporter-output>
          </reporter-output>
        </test-method> <!-- courseNameTest -->
        <test-method status="PASS" signature="tearDown()[pri:0, instance:MyFirstProject.ValidateTitle@273e7444]" name="tearDown" is-config="true" duration-ms="144" started-at="2020-08-06T10:24:06 IST" finished-at="2020-08-06T10:24:06 IST">
          <reporter-output>
          </reporter-output>
        </test-method> <!-- tearDown -->
      </class> <!-- MyFirstProject.ValidateTitle -->
    </test> <!-- Validating Title -->
    <test name="Validating Navigation" duration-ms="18927" started-at="2020-08-06T10:24:06 IST" finished-at="2020-08-06T10:24:25 IST">
      <class name="MyFirstProject.ValidateNavigation">
        <test-method status="PASS" signature="initilization()[pri:0, instance:MyFirstProject.ValidateNavigation@3f6f6701]" name="initilization" is-config="true" duration-ms="18306" started-at="2020-08-06T10:24:06 IST" finished-at="2020-08-06T10:24:25 IST">
          <reporter-output>
          </reporter-output>
        </test-method> <!-- initilization -->
        <test-method status="PASS" signature="cantactbtnTest()[pri:0, instance:MyFirstProject.ValidateNavigation@3f6f6701]" name="cantactbtnTest" duration-ms="163" started-at="2020-08-06T10:24:25 IST" finished-at="2020-08-06T10:24:25 IST">
          <reporter-output>
          </reporter-output>
        </test-method> <!-- cantactbtnTest -->
        <test-method status="PASS" signature="tearDown()[pri:0, instance:MyFirstProject.ValidateNavigation@3f6f6701]" name="tearDown" is-config="true" duration-ms="452" started-at="2020-08-06T10:24:25 IST" finished-at="2020-08-06T10:24:25 IST">
          <reporter-output>
          </reporter-output>
        </test-method> <!-- tearDown -->
      </class> <!-- MyFirstProject.ValidateNavigation -->
    </test> <!-- Validating Navigation -->
  </suite> <!-- Suite -->
</testng-results>
